Connecting to database specified by database.yml
Connecting to database specified by database.yml
  [1m[36m (82.9ms)[0m  [1mCREATE TABLE `schema_migrations` (`version` varchar(255) NOT NULL) ENGINE=InnoDB[0m
  [1m[35m (222.6ms)[0m  CREATE UNIQUE INDEX `unique_schema_migrations` ON `schema_migrations` (`version`)
  [1m[36m (2.8ms)[0m  [1mSELECT `schema_migrations`.`version` FROM `schema_migrations` [0m
Migrating to CreateUsers (20140225101238)
  [1m[35m (90.8ms)[0m  CREATE TABLE `users` (`id` int(11) DEFAULT NULL auto_increment PRIMARY KEY, `username` varchar(255), `access_token` varchar(255), `created_at` datetime NOT NULL, `updated_at` datetime NOT NULL) ENGINE=InnoDB
  [1m[36m (43.9ms)[0m  [1mINSERT INTO `schema_migrations` (`version`) VALUES ('20140225101238')[0m
  [1m[35m (0.3ms)[0m  SELECT `schema_migrations`.`version` FROM `schema_migrations` 


Started GET "/assets/rails.png" for 127.0.0.1 at 2014-02-25 15:43:13 +0530
Connecting to database specified by database.yml
Served asset /rails.png - 200 OK (19ms)


Started GET "/users" for 127.0.0.1 at 2014-02-25 15:43:17 +0530
Processing by UsersController#index as HTML
  [1m[36mUser Load (2.8ms)[0m  [1mSELECT `users`.* FROM `users` [0m
  Rendered users/index.html.erb within layouts/application (2.6ms)
Compiled scaffolds.css  (41ms)  (pid 12156)
Compiled users.css  (1ms)  (pid 12156)
Compiled application.css  (72ms)  (pid 12156)
Compiled jquery.js  (1ms)  (pid 12156)
Compiled jquery_ujs.js  (0ms)  (pid 12156)
Compiled users.js  (512ms)  (pid 12156)
Compiled application.js  (580ms)  (pid 12156)
Completed 200 OK in 793ms (Views: 742.2ms | ActiveRecord: 3.5ms)


Started GET "/assets/application.css?body=1" for 127.0.0.1 at 2014-02-25 15:43:18 +0530
Served asset /application.css - 200 OK (25ms)


Started GET "/assets/scaffolds.css?body=1" for 127.0.0.1 at 2014-02-25 15:43:18 +0530
Served asset /scaffolds.css - 200 OK (1ms)


Started GET "/assets/users.css?body=1" for 127.0.0.1 at 2014-02-25 15:43:18 +0530
Served asset /users.css - 200 OK (3ms)


Started GET "/assets/jquery.js?body=1" for 127.0.0.1 at 2014-02-25 15:43:18 +0530
Served asset /jquery.js - 200 OK (3ms)


Started GET "/assets/jquery_ujs.js?body=1" for 127.0.0.1 at 2014-02-25 15:43:18 +0530
Served asset /jquery_ujs.js - 200 OK (5ms)


Started GET "/assets/users.js?body=1" for 127.0.0.1 at 2014-02-25 15:43:18 +0530
Served asset /users.js - 200 OK (1ms)


Started GET "/assets/application.js?body=1" for 127.0.0.1 at 2014-02-25 15:43:18 +0530
Served asset /application.js - 200 OK (4ms)


Started GET "/users/new" for 127.0.0.1 at 2014-02-25 15:44:15 +0530
Processing by UsersController#new as HTML
  Rendered users/_form.html.erb (42.6ms)
  Rendered users/new.html.erb within layouts/application (54.3ms)
Completed 200 OK in 63ms (Views: 57.8ms | ActiveRecord: 0.0ms)


Started GET "/assets/application.css?body=1" for 127.0.0.1 at 2014-02-25 15:44:15 +0530
Served asset /application.css - 304 Not Modified (4ms)


Started GET "/assets/scaffolds.css?body=1" for 127.0.0.1 at 2014-02-25 15:44:15 +0530
Served asset /scaffolds.css - 304 Not Modified (0ms)


Started GET "/assets/users.css?body=1" for 127.0.0.1 at 2014-02-25 15:44:15 +0530
Served asset /users.css - 304 Not Modified (0ms)


Started GET "/assets/jquery.js?body=1" for 127.0.0.1 at 2014-02-25 15:44:15 +0530
Served asset /jquery.js - 304 Not Modified (0ms)


Started GET "/assets/jquery_ujs.js?body=1" for 127.0.0.1 at 2014-02-25 15:44:15 +0530
Served asset /jquery_ujs.js - 304 Not Modified (0ms)


Started GET "/assets/users.js?body=1" for 127.0.0.1 at 2014-02-25 15:44:15 +0530
Served asset /users.js - 304 Not Modified (0ms)


Started GET "/assets/application.js?body=1" for 127.0.0.1 at 2014-02-25 15:44:15 +0530
Served asset /application.js - 304 Not Modified (1ms)


Started GET "/assets/rails.png" for 127.0.0.1 at 2014-02-25 17:50:14 +0530
Connecting to database specified by database.yml
Served asset /rails.png - 304 Not Modified (17ms)


Started GET "/users" for 127.0.0.1 at 2014-02-25 17:50:17 +0530
Processing by UsersController#index as HTML
  [1m[36mUser Load (4.0ms)[0m  [1mSELECT `users`.* FROM `users` [0m
  Rendered users/index.html.erb within layouts/application (2.7ms)
Completed 200 OK in 199ms (Views: 114.7ms | ActiveRecord: 26.4ms)


Started GET "/assets/application.css?body=1" for 127.0.0.1 at 2014-02-25 17:50:17 +0530
Served asset /application.css - 304 Not Modified (7ms)


Started GET "/assets/scaffolds.css?body=1" for 127.0.0.1 at 2014-02-25 17:50:17 +0530
Served asset /scaffolds.css - 304 Not Modified (1ms)


Started GET "/assets/jquery.js?body=1" for 127.0.0.1 at 2014-02-25 17:50:17 +0530
Served asset /jquery.js - 304 Not Modified (12ms)


Started GET "/assets/jquery_ujs.js?body=1" for 127.0.0.1 at 2014-02-25 17:50:17 +0530
Served asset /jquery_ujs.js - 304 Not Modified (5ms)


Started GET "/assets/users.js?body=1" for 127.0.0.1 at 2014-02-25 17:50:17 +0530
Served asset /users.js - 304 Not Modified (1ms)


Started GET "/assets/users.css?body=1" for 127.0.0.1 at 2014-02-25 17:50:17 +0530
Served asset /users.css - 304 Not Modified (3ms)


Started GET "/assets/application.js?body=1" for 127.0.0.1 at 2014-02-25 17:50:17 +0530
Served asset /application.js - 304 Not Modified (5ms)


Started GET "/users/new" for 127.0.0.1 at 2014-02-25 17:50:19 +0530
Processing by UsersController#new as HTML
  Rendered users/_form.html.erb (34.2ms)
  Rendered users/new.html.erb within layouts/application (92.3ms)
Completed 200 OK in 102ms (Views: 97.4ms | ActiveRecord: 0.0ms)


Started GET "/assets/application.css?body=1" for 127.0.0.1 at 2014-02-25 17:50:19 +0530
Served asset /application.css - 304 Not Modified (6ms)


Started GET "/assets/jquery_ujs.js?body=1" for 127.0.0.1 at 2014-02-25 17:50:19 +0530
Served asset /jquery_ujs.js - 304 Not Modified (0ms)


Started GET "/assets/users.js?body=1" for 127.0.0.1 at 2014-02-25 17:50:19 +0530
Served asset /users.js - 304 Not Modified (0ms)


Started GET "/assets/scaffolds.css?body=1" for 127.0.0.1 at 2014-02-25 17:50:19 +0530
Served asset /scaffolds.css - 304 Not Modified (0ms)


Started GET "/assets/jquery.js?body=1" for 127.0.0.1 at 2014-02-25 17:50:19 +0530
Served asset /jquery.js - 304 Not Modified (0ms)


Started GET "/assets/users.css?body=1" for 127.0.0.1 at 2014-02-25 17:50:19 +0530
Served asset /users.css - 304 Not Modified (0ms)


Started GET "/assets/application.js?body=1" for 127.0.0.1 at 2014-02-25 17:50:19 +0530
Served asset /application.js - 304 Not Modified (1ms)


Started POST "/users" for 127.0.0.1 at 2014-02-25 17:50:23 +0530
Processing by UsersController#create as HTML
  Parameters: {"utf8"=>"✓", "authenticity_token"=>"1WHi3LMOZ/4kpnQUe7GICTWjqsF2MAF/mdmJIDgydmA=", "user"=>{"access_token"=>"CAAUFfEFxO4wBAN1jYRs82vUdwZCTGKrKsyXC87yGazmd2fzhpxZB2xZCkuZBtNj1hSTZCKuH67ZBATU6ZByuZCS2LssDG7yoc2msTAsSrkE0Uh5kYcmk3fRpmNZAUBO2WWzZAyA1GXe1O54OUGwPlbAIwkhl3GSJQmPcAUXydwaNgthal3YrSq9YtOcLdsQjeZCe4oZD"}, "commit"=>"Create User"}
Completed 500 Internal Server Error in 2ms

NameError (uninitialized constant UsersController::Net):
  app/controllers/users_controller.rb:47:in `create'


  Rendered /home/simha/.rvm/gems/ruby-1.9.3-p448/gems/actionpack-3.2.14/lib/action_dispatch/middleware/templates/rescues/_trace.erb (1.2ms)
  Rendered /home/simha/.rvm/gems/ruby-1.9.3-p448/gems/actionpack-3.2.14/lib/action_dispatch/middleware/templates/rescues/_request_and_response.erb (1.0ms)
  Rendered /home/simha/.rvm/gems/ruby-1.9.3-p448/gems/actionpack-3.2.14/lib/action_dispatch/middleware/templates/rescues/diagnostics.erb within rescues/layout (8.4ms)


Started POST "/users" for 127.0.0.1 at 2014-02-25 17:50:39 +0530

LoadError (cannot load such file -- net):
  app/controllers/users_controller.rb:1:in `<top (required)>'


  Rendered /home/simha/.rvm/gems/ruby-1.9.3-p448/gems/actionpack-3.2.14/lib/action_dispatch/middleware/templates/rescues/_trace.erb (1.0ms)
  Rendered /home/simha/.rvm/gems/ruby-1.9.3-p448/gems/actionpack-3.2.14/lib/action_dispatch/middleware/templates/rescues/_request_and_response.erb (1.0ms)
  Rendered /home/simha/.rvm/gems/ruby-1.9.3-p448/gems/actionpack-3.2.14/lib/action_dispatch/middleware/templates/rescues/diagnostics.erb within rescues/layout (7.0ms)


Started POST "/users" for 127.0.0.1 at 2014-02-25 17:50:53 +0530

LoadError (cannot load such file -- Net):
  app/controllers/users_controller.rb:1:in `<top (required)>'


  Rendered /home/simha/.rvm/gems/ruby-1.9.3-p448/gems/actionpack-3.2.14/lib/action_dispatch/middleware/templates/rescues/_trace.erb (1.1ms)
  Rendered /home/simha/.rvm/gems/ruby-1.9.3-p448/gems/actionpack-3.2.14/lib/action_dispatch/middleware/templates/rescues/_request_and_response.erb (0.9ms)
  Rendered /home/simha/.rvm/gems/ruby-1.9.3-p448/gems/actionpack-3.2.14/lib/action_dispatch/middleware/templates/rescues/diagnostics.erb within rescues/layout (34.1ms)


Started POST "/users" for 127.0.0.1 at 2014-02-25 17:51:01 +0530

ActionController::RoutingError (uninitialized constant Net):
  app/controllers/users_controller.rb:1:in `<top (required)>'


  Rendered /home/simha/.rvm/gems/ruby-1.9.3-p448/gems/actionpack-3.2.14/lib/action_dispatch/middleware/templates/rescues/routing_error.erb within rescues/layout (0.6ms)


Started POST "/users" for 127.0.0.1 at 2014-02-25 17:51:10 +0530

LoadError (cannot load such file -- net::Net):
  app/controllers/users_controller.rb:1:in `<top (required)>'


  Rendered /home/simha/.rvm/gems/ruby-1.9.3-p448/gems/actionpack-3.2.14/lib/action_dispatch/middleware/templates/rescues/_trace.erb (1.6ms)
  Rendered /home/simha/.rvm/gems/ruby-1.9.3-p448/gems/actionpack-3.2.14/lib/action_dispatch/middleware/templates/rescues/_request_and_response.erb (1.2ms)
  Rendered /home/simha/.rvm/gems/ruby-1.9.3-p448/gems/actionpack-3.2.14/lib/action_dispatch/middleware/templates/rescues/diagnostics.erb within rescues/layout (9.5ms)
Connecting to database specified by database.yml


Started POST "/users" for 127.0.0.1 at 2014-02-25 17:52:22 +0530
Connecting to database specified by database.yml
Processing by UsersController#create as HTML
  Parameters: {"utf8"=>"✓", "authenticity_token"=>"1WHi3LMOZ/4kpnQUe7GICTWjqsF2MAF/mdmJIDgydmA=", "user"=>{"access_token"=>"CAAUFfEFxO4wBAN1jYRs82vUdwZCTGKrKsyXC87yGazmd2fzhpxZB2xZCkuZBtNj1hSTZCKuH67ZBATU6ZByuZCS2LssDG7yoc2msTAsSrkE0Uh5kYcmk3fRpmNZAUBO2WWzZAyA1GXe1O54OUGwPlbAIwkhl3GSJQmPcAUXydwaNgthal3YrSq9YtOcLdsQjeZCe4oZD"}, "commit"=>"Create User"}
  [1m[36mSQL (1.3ms)[0m  [1mBEGIN[0m
  [1m[35mSQL (84.5ms)[0m  INSERT INTO `users` (`access_token`, `created_at`, `updated_at`, `username`) VALUES (?, ?, ?, ?)  [["access_token", "CAAUFfEFxO4wBAN1jYRs82vUdwZCTGKrKsyXC87yGazmd2fzhpxZB2xZCkuZBtNj1hSTZCKuH67ZBATU6ZByuZCS2LssDG7yoc2msTAsSrkE0Uh5kYcmk3fRpmNZAUBO2WWzZAyA1GXe1O54OUGwPlbAIwkhl3GSJQmPcAUXydwaNgthal3YrSq9YtOcLdsQjeZCe4oZD"], ["created_at", Tue, 25 Feb 2014 12:22:23 UTC +00:00], ["updated_at", Tue, 25 Feb 2014 12:22:23 UTC +00:00], ["username", "sree.simha"]]
  [1m[36m (85.2ms)[0m  [1mCOMMIT[0m
Redirected to http://localhost:3000/users/1
Completed 302 Found in 1156ms (ActiveRecord: 173.1ms)


Started GET "/users/1" for 127.0.0.1 at 2014-02-25 17:52:24 +0530
Processing by UsersController#show as HTML
  Parameters: {"id"=>"1"}
  [1m[35mUser Load (0.8ms)[0m  SELECT `users`.* FROM `users` WHERE `users`.`id` = ? LIMIT 1  [["id", "1"]]
  Rendered users/show.html.erb within layouts/application (2.6ms)
Completed 200 OK in 43ms (Views: 40.1ms | ActiveRecord: 0.8ms)


Started GET "/assets/application.css?body=1" for 127.0.0.1 at 2014-02-25 17:52:24 +0530
Served asset /application.css - 304 Not Modified (4ms)


Started GET "/assets/scaffolds.css?body=1" for 127.0.0.1 at 2014-02-25 17:52:24 +0530
Served asset /scaffolds.css - 304 Not Modified (1ms)


Started GET "/assets/jquery.js?body=1" for 127.0.0.1 at 2014-02-25 17:52:24 +0530
Served asset /jquery.js - 304 Not Modified (3ms)


Started GET "/assets/jquery_ujs.js?body=1" for 127.0.0.1 at 2014-02-25 17:52:24 +0530
Served asset /jquery_ujs.js - 304 Not Modified (4ms)


Started GET "/assets/application.js?body=1" for 127.0.0.1 at 2014-02-25 17:52:24 +0530
Served asset /application.js - 304 Not Modified (4ms)


Started GET "/assets/users.js?body=1" for 127.0.0.1 at 2014-02-25 17:52:24 +0530
Served asset /users.js - 304 Not Modified (3ms)


Started GET "/assets/users.css?body=1" for 127.0.0.1 at 2014-02-25 17:52:24 +0530
Served asset /users.css - 304 Not Modified (1ms)
Connecting to database specified by database.yml
Connecting to database specified by database.yml
  [1m[36m (2.2ms)[0m  [1mSELECT `schema_migrations`.`version` FROM `schema_migrations` [0m
Migrating to CreateUsers (20140225101238)
Migrating to AddExtraFieldsToUser (20140225122313)
  [1m[35m (607.7ms)[0m  ALTER TABLE `users` ADD `name` varchar(255)
  [1m[36m (366.9ms)[0m  [1mALTER TABLE `users` ADD `fb_id` varchar(255)[0m
  [1m[35m (257.7ms)[0m  ALTER TABLE `users` ADD `location_name` varchar(255)
  [1m[36m (266.8ms)[0m  [1mALTER TABLE `users` ADD `hometown_name` varchar(255)[0m
  [1m[35m (356.4ms)[0m  ALTER TABLE `users` ADD `gender` varchar(255)
  [1m[36m (266.8ms)[0m  [1mALTER TABLE `users` ADD `bio` varchar(255)[0m
  [1m[35m (54.7ms)[0m  INSERT INTO `schema_migrations` (`version`) VALUES ('20140225122313')
  [1m[36m (0.3ms)[0m  [1mSELECT `schema_migrations`.`version` FROM `schema_migrations` [0m
Connecting to database specified by database.yml
  [1m[36m (97.4ms)[0m  [1mCREATE TABLE `schema_migrations` (`version` varchar(255) NOT NULL) ENGINE=InnoDB[0m
  [1m[35m (256.0ms)[0m  CREATE UNIQUE INDEX `unique_schema_migrations` ON `schema_migrations` (`version`)
  [1m[36m (2.0ms)[0m  [1mSELECT `schema_migrations`.`version` FROM `schema_migrations` [0m
Migrating to CreateUsers (20140225101238)
  [1m[35m (94.0ms)[0m  CREATE TABLE `users` (`id` int(11) DEFAULT NULL auto_increment PRIMARY KEY, `username` varchar(255), `access_token` varchar(255), `created_at` datetime NOT NULL, `updated_at` datetime NOT NULL) ENGINE=InnoDB
  [1m[36m (43.1ms)[0m  [1mINSERT INTO `schema_migrations` (`version`) VALUES ('20140225101238')[0m
Migrating to AddExtraFieldsToUser (20140225122313)
  [1m[35m (222.6ms)[0m  ALTER TABLE `users` ADD `name` varchar(255)
  [1m[36m (223.1ms)[0m  [1mALTER TABLE `users` ADD `fb_id` varchar(255)[0m
  [1m[35m (278.8ms)[0m  ALTER TABLE `users` ADD `location_name` varchar(255)
  [1m[36m (355.9ms)[0m  [1mALTER TABLE `users` ADD `hometown_name` varchar(255)[0m
  [1m[35m (356.8ms)[0m  ALTER TABLE `users` ADD `gender` varchar(255)
  [1m[36m (267.0ms)[0m  [1mALTER TABLE `users` ADD `bio` varchar(255)[0m
  [1m[35m (54.4ms)[0m  INSERT INTO `schema_migrations` (`version`) VALUES ('20140225122313')
  [1m[36m (2.1ms)[0m  [1mSELECT `schema_migrations`.`version` FROM `schema_migrations` [0m


Started GET "/users/new" for 127.0.0.1 at 2014-02-25 18:02:06 +0530
Connecting to database specified by database.yml
Processing by UsersController#new as HTML
  Rendered users/_form.html.erb (6.8ms)
  Rendered users/new.html.erb within layouts/application (26.5ms)
Completed 200 OK in 103ms (Views: 45.3ms | ActiveRecord: 2.2ms)


Started GET "/assets/application.css?body=1" for 127.0.0.1 at 2014-02-25 18:02:06 +0530
Served asset /application.css - 304 Not Modified (2ms)


Started GET "/assets/scaffolds.css?body=1" for 127.0.0.1 at 2014-02-25 18:02:06 +0530
Served asset /scaffolds.css - 304 Not Modified (1ms)


Started GET "/assets/users.css?body=1" for 127.0.0.1 at 2014-02-25 18:02:07 +0530
Served asset /users.css - 304 Not Modified (1ms)


Started GET "/assets/jquery.js?body=1" for 127.0.0.1 at 2014-02-25 18:02:07 +0530
Served asset /jquery.js - 304 Not Modified (8ms)


Started GET "/assets/jquery_ujs.js?body=1" for 127.0.0.1 at 2014-02-25 18:02:07 +0530
Served asset /jquery_ujs.js - 304 Not Modified (7ms)


Started GET "/assets/users.js?body=1" for 127.0.0.1 at 2014-02-25 18:02:07 +0530
Served asset /users.js - 304 Not Modified (3ms)


Started GET "/assets/application.js?body=1" for 127.0.0.1 at 2014-02-25 18:02:07 +0530
Served asset /application.js - 304 Not Modified (6ms)


Started POST "/users" for 127.0.0.1 at 2014-02-25 18:02:10 +0530
Processing by UsersController#create as HTML
  Parameters: {"utf8"=>"✓", "authenticity_token"=>"1WHi3LMOZ/4kpnQUe7GICTWjqsF2MAF/mdmJIDgydmA=", "user"=>{"access_token"=>"CAAUFfEFxO4wBAN1jYRs82vUdwZCTGKrKsyXC87yGazmd2fzhpxZB2xZCkuZBtNj1hSTZCKuH67ZBATU6ZByuZCS2LssDG7yoc2msTAsSrkE0Uh5kYcmk3fRpmNZAUBO2WWzZAyA1GXe1O54OUGwPlbAIwkhl3GSJQmPcAUXydwaNgthal3YrSq9YtOcLdsQjeZCe4oZD"}, "commit"=>"Create User"}
  [1m[36mSQL (5.4ms)[0m  [1mBEGIN[0m
  [1m[35mSQL (36.4ms)[0m  INSERT INTO `users` (`access_token`, `bio`, `created_at`, `fb_id`, `gender`, `hometown_name`, `location_name`, `name`, `updated_at`, `username`) VALUES (?, ?, ?, ?, ?, ?, ?, ?, ?, ?)  [["access_token", "CAAUFfEFxO4wBAN1jYRs82vUdwZCTGKrKsyXC87yGazmd2fzhpxZB2xZCkuZBtNj1hSTZCKuH67ZBATU6ZByuZCS2LssDG7yoc2msTAsSrkE0Uh5kYcmk3fRpmNZAUBO2WWzZAyA1GXe1O54OUGwPlbAIwkhl3GSJQmPcAUXydwaNgthal3YrSq9YtOcLdsQjeZCe4oZD"], ["bio", "I'm a smart nerd. Maybe a geek too! I enjoy learning new things all the time. I believe one must never stop learning/studying.\n\nI'm very talented at imagining and connecting ideas. Because of this virtue, I'm always chosen as a natural leader. I'm a strategist. \n\nI have a huge social network. I interact with people in a very friendly manner and so I get acquainted with them very quickly. My interaction involves a good degree of humour and wits which make it fun to spend with me.\n\nI dream of inventing/discovering/achieving something seriously big. Something novel. I want to be a visionary. I have a lot more to learn and to do, to achieve i. I'm looking forward to that one day."], ["created_at", Tue, 25 Feb 2014 12:32:11 UTC +00:00], ["fb_id", "100000084602097"], ["gender", "male"], ["hometown_name", "Kurnool"], ["location_name", "Noida, India"], ["name", "Gemaraju Sree Teja Simha"], ["updated_at", Tue, 25 Feb 2014 12:32:11 UTC +00:00], ["username", "sree.simha"]]
  [1m[36m (46.9ms)[0m  [1mCOMMIT[0m
Redirected to http://localhost:3000/users/1
Completed 302 Found in 1101ms (ActiveRecord: 88.7ms)


Started GET "/users/1" for 127.0.0.1 at 2014-02-25 18:02:11 +0530
Processing by UsersController#show as HTML
  Parameters: {"id"=>"1"}
  [1m[35mUser Load (0.8ms)[0m  SELECT `users`.* FROM `users` WHERE `users`.`id` = ? LIMIT 1  [["id", "1"]]
  Rendered users/show.html.erb within layouts/application (2.9ms)
Completed 200 OK in 21ms (Views: 13.9ms | ActiveRecord: 0.8ms)


Started GET "/assets/application.css?body=1" for 127.0.0.1 at 2014-02-25 18:02:11 +0530
Served asset /application.css - 304 Not Modified (5ms)


Started GET "/assets/scaffolds.css?body=1" for 127.0.0.1 at 2014-02-25 18:02:11 +0530
Served asset /scaffolds.css - 304 Not Modified (3ms)


Started GET "/assets/users.css?body=1" for 127.0.0.1 at 2014-02-25 18:02:11 +0530
Served asset /users.css - 304 Not Modified (0ms)


Started GET "/assets/jquery_ujs.js?body=1" for 127.0.0.1 at 2014-02-25 18:02:11 +0530
Served asset /jquery_ujs.js - 304 Not Modified (0ms)


Started GET "/assets/jquery.js?body=1" for 127.0.0.1 at 2014-02-25 18:02:11 +0530
Served asset /jquery.js - 304 Not Modified (2ms)


Started GET "/assets/users.js?body=1" for 127.0.0.1 at 2014-02-25 18:02:11 +0530
Served asset /users.js - 304 Not Modified (0ms)


Started GET "/assets/application.js?body=1" for 127.0.0.1 at 2014-02-25 18:02:11 +0530
Served asset /application.js - 304 Not Modified (1ms)


Started GET "/users/1" for 127.0.0.1 at 2014-02-25 18:02:46 +0530
Processing by UsersController#show as HTML
  Parameters: {"id"=>"1"}
  [1m[36mUser Load (0.3ms)[0m  [1mSELECT `users`.* FROM `users` WHERE `users`.`id` = ? LIMIT 1[0m  [["id", "1"]]
  Rendered users/show.html.erb within layouts/application (1.2ms)
Completed 200 OK in 9ms (Views: 6.8ms | ActiveRecord: 0.3ms)


Started GET "/assets/application.css?body=1" for 127.0.0.1 at 2014-02-25 18:02:46 +0530
Served asset /application.css - 304 Not Modified (0ms)


Started GET "/assets/scaffolds.css?body=1" for 127.0.0.1 at 2014-02-25 18:02:46 +0530
Served asset /scaffolds.css - 304 Not Modified (0ms)


Started GET "/assets/users.css?body=1" for 127.0.0.1 at 2014-02-25 18:02:46 +0530
Served asset /users.css - 304 Not Modified (0ms)


Started GET "/assets/jquery.js?body=1" for 127.0.0.1 at 2014-02-25 18:02:46 +0530
Served asset /jquery.js - 304 Not Modified (4ms)


Started GET "/assets/jquery_ujs.js?body=1" for 127.0.0.1 at 2014-02-25 18:02:46 +0530
Served asset /jquery_ujs.js - 304 Not Modified (0ms)


Started GET "/assets/users.js?body=1" for 127.0.0.1 at 2014-02-25 18:02:46 +0530
Served asset /users.js - 304 Not Modified (0ms)


Started GET "/assets/application.js?body=1" for 127.0.0.1 at 2014-02-25 18:02:46 +0530
Served asset /application.js - 304 Not Modified (2ms)


Started GET "/users/1" for 127.0.0.1 at 2014-02-25 18:03:44 +0530
Processing by UsersController#show as HTML
  Parameters: {"id"=>"1"}
  [1m[35mUser Load (0.2ms)[0m  SELECT `users`.* FROM `users` WHERE `users`.`id` = ? LIMIT 1  [["id", "1"]]
  Rendered users/show.html.erb within layouts/application (1.3ms)
Completed 200 OK in 41ms (Views: 26.4ms | ActiveRecord: 1.6ms)


Started GET "/assets/application.css?body=1" for 127.0.0.1 at 2014-02-25 18:03:44 +0530
Served asset /application.css - 304 Not Modified (0ms)


Started GET "/assets/scaffolds.css?body=1" for 127.0.0.1 at 2014-02-25 18:03:44 +0530
Served asset /scaffolds.css - 304 Not Modified (1ms)


Started GET "/assets/jquery.js?body=1" for 127.0.0.1 at 2014-02-25 18:03:44 +0530
Served asset /jquery.js - 304 Not Modified (10ms)


Started GET "/assets/jquery_ujs.js?body=1" for 127.0.0.1 at 2014-02-25 18:03:44 +0530
Served asset /jquery_ujs.js - 304 Not Modified (0ms)


Started GET "/assets/users.css?body=1" for 127.0.0.1 at 2014-02-25 18:03:44 +0530
Served asset /users.css - 304 Not Modified (0ms)


Started GET "/assets/application.js?body=1" for 127.0.0.1 at 2014-02-25 18:03:44 +0530
Served asset /application.js - 304 Not Modified (1ms)


Started GET "/assets/users.js?body=1" for 127.0.0.1 at 2014-02-25 18:03:44 +0530
Served asset /users.js - 304 Not Modified (0ms)


Started GET "/users" for 127.0.0.1 at 2014-02-25 18:03:49 +0530
Processing by UsersController#index as HTML
  [1m[36mUser Load (0.3ms)[0m  [1mSELECT `users`.* FROM `users` [0m
  Rendered users/index.html.erb within layouts/application (4.0ms)
Completed 200 OK in 11ms (Views: 9.6ms | ActiveRecord: 0.3ms)


Started GET "/assets/application.css?body=1" for 127.0.0.1 at 2014-02-25 18:03:49 +0530
Served asset /application.css - 304 Not Modified (0ms)


Started GET "/assets/scaffolds.css?body=1" for 127.0.0.1 at 2014-02-25 18:03:49 +0530
Served asset /scaffolds.css - 304 Not Modified (0ms)


Started GET "/assets/users.css?body=1" for 127.0.0.1 at 2014-02-25 18:03:49 +0530
Served asset /users.css - 304 Not Modified (1ms)


Started GET "/assets/jquery.js?body=1" for 127.0.0.1 at 2014-02-25 18:03:49 +0530
Served asset /jquery.js - 304 Not Modified (0ms)


Started GET "/assets/jquery_ujs.js?body=1" for 127.0.0.1 at 2014-02-25 18:03:49 +0530
Served asset /jquery_ujs.js - 304 Not Modified (0ms)


Started GET "/assets/application.js?body=1" for 127.0.0.1 at 2014-02-25 18:03:49 +0530
Served asset /application.js - 304 Not Modified (1ms)


Started GET "/assets/users.js?body=1" for 127.0.0.1 at 2014-02-25 18:03:49 +0530
Served asset /users.js - 304 Not Modified (0ms)


Started GET "/users" for 127.0.0.1 at 2014-02-25 18:05:05 +0530
Processing by UsersController#index as HTML
  [1m[35mUser Load (0.7ms)[0m  SELECT `users`.* FROM `users` 
  Rendered users/index.html.erb within layouts/application (1.8ms)
Completed 200 OK in 10ms (Views: 6.9ms | ActiveRecord: 0.7ms)


Started GET "/assets/application.css?body=1" for 127.0.0.1 at 2014-02-25 18:05:05 +0530
Served asset /application.css - 304 Not Modified (0ms)


Started GET "/assets/scaffolds.css?body=1" for 127.0.0.1 at 2014-02-25 18:05:05 +0530
Served asset /scaffolds.css - 304 Not Modified (0ms)


Started GET "/assets/jquery.js?body=1" for 127.0.0.1 at 2014-02-25 18:05:05 +0530
Served asset /jquery.js - 304 Not Modified (5ms)


Started GET "/assets/users.css?body=1" for 127.0.0.1 at 2014-02-25 18:05:05 +0530
Served asset /users.css - 304 Not Modified (0ms)


Started GET "/assets/jquery_ujs.js?body=1" for 127.0.0.1 at 2014-02-25 18:05:05 +0530
Served asset /jquery_ujs.js - 304 Not Modified (0ms)


Started GET "/assets/users.js?body=1" for 127.0.0.1 at 2014-02-25 18:05:05 +0530
Served asset /users.js - 304 Not Modified (0ms)


Started GET "/assets/application.js?body=1" for 127.0.0.1 at 2014-02-25 18:05:05 +0530
Served asset /application.js - 304 Not Modified (1ms)
Connecting to database specified by database.yml
  [1m[36m (36.6ms)[0m  [1mCREATE TABLE "schema_migrations" ("version" character varying(255) NOT NULL) [0m
  [1m[35m (101.5ms)[0m  CREATE UNIQUE INDEX "unique_schema_migrations" ON "schema_migrations" ("version")
  [1m[36m (0.3ms)[0m  [1mSELECT "schema_migrations"."version" FROM "schema_migrations" [0m
Migrating to CreateUsers (20140225101238)
  [1m[35m (0.2ms)[0m  BEGIN
  [1m[36m (92.5ms)[0m  [1mCREATE TABLE "users" ("id" serial primary key, "username" character varying(255), "access_token" character varying(255), "created_at" timestamp NOT NULL, "updated_at" timestamp NOT NULL) [0m
  [1m[35m (0.6ms)[0m  INSERT INTO "schema_migrations" ("version") VALUES ('20140225101238')
  [1m[36m (16.7ms)[0m  [1mCOMMIT[0m
Migrating to AddExtraFieldsToUser (20140225122313)
  [1m[35m (0.1ms)[0m  BEGIN
  [1m[36m (27.6ms)[0m  [1mALTER TABLE "users" ADD COLUMN "name" character varying(255)[0m
  [1m[35m (0.4ms)[0m  ALTER TABLE "users" ADD COLUMN "fb_id" character varying(255)
  [1m[36m (0.3ms)[0m  [1mALTER TABLE "users" ADD COLUMN "location_name" character varying(255)[0m
  [1m[35m (0.3ms)[0m  ALTER TABLE "users" ADD COLUMN "hometown_name" character varying(255)
  [1m[36m (0.4ms)[0m  [1mALTER TABLE "users" ADD COLUMN "gender" character varying(255)[0m
  [1m[35m (0.4ms)[0m  ALTER TABLE "users" ADD COLUMN "bio" character varying(255)
  [1m[36m (0.4ms)[0m  [1mINSERT INTO "schema_migrations" ("version") VALUES ('20140225122313')[0m
  [1m[35m (21.3ms)[0m  COMMIT
  [1m[36m (0.2ms)[0m  [1mSELECT "schema_migrations"."version" FROM "schema_migrations" [0m
Connecting to database specified by database.yml
Connecting to database specified by database.yml
  [1m[36m (0.2ms)[0m  [1mSELECT "schema_migrations"."version" FROM "schema_migrations" [0m
Migrating to CreateUsers (20140225101238)
Migrating to AddExtraFieldsToUser (20140225122313)
Migrating to ChangeAccessTokenTypeFromStringToText (20140225134532)
  [1m[35m (0.1ms)[0m  BEGIN
  [1m[36m (0.4ms)[0m  [1mALTER TABLE "users" ALTER COLUMN "access_token" TYPE text[0m
  [1m[35m (0.2ms)[0m  INSERT INTO "schema_migrations" ("version") VALUES ('20140225134532')
  [1m[36m (7.2ms)[0m  [1mCOMMIT[0m
  [1m[35m (0.3ms)[0m  SELECT "schema_migrations"."version" FROM "schema_migrations" 
Connecting to database specified by database.yml
Connecting to database specified by database.yml


Started GET "/assets/rails.png" for 127.0.0.1 at 2014-02-25 19:28:09 +0530
Connecting to database specified by database.yml
Served asset /rails.png - 304 Not Modified (1ms)


Started GET "/users" for 127.0.0.1 at 2014-02-25 19:28:13 +0530
Processing by UsersController#index as HTML
  [1m[36mUser Load (0.6ms)[0m  [1mSELECT "users".* FROM "users" [0m
  Rendered users/index.html.erb within layouts/application (2.5ms)
Completed 200 OK in 89ms (Views: 44.1ms | ActiveRecord: 11.1ms)


Started GET "/assets/application.css?body=1" for 127.0.0.1 at 2014-02-25 19:28:13 +0530
Served asset /application.css - 304 Not Modified (2ms)


Started GET "/assets/scaffolds.css?body=1" for 127.0.0.1 at 2014-02-25 19:28:13 +0530
Served asset /scaffolds.css - 304 Not Modified (27ms)


Started GET "/assets/users.css?body=1" for 127.0.0.1 at 2014-02-25 19:28:13 +0530
Served asset /users.css - 304 Not Modified (2ms)


Started GET "/assets/jquery.js?body=1" for 127.0.0.1 at 2014-02-25 19:28:13 +0530
Served asset /jquery.js - 304 Not Modified (9ms)


Started GET "/assets/jquery_ujs.js?body=1" for 127.0.0.1 at 2014-02-25 19:28:13 +0530
Served asset /jquery_ujs.js - 304 Not Modified (2ms)


Started GET "/assets/application.js?body=1" for 127.0.0.1 at 2014-02-25 19:28:13 +0530
Served asset /application.js - 304 Not Modified (8ms)


Started GET "/assets/users.js?body=1" for 127.0.0.1 at 2014-02-25 19:28:13 +0530
Served asset /users.js - 304 Not Modified (1ms)


Started GET "/users/new" for 127.0.0.1 at 2014-02-25 19:28:15 +0530
Processing by UsersController#new as HTML
  Rendered users/_form.html.erb (6.9ms)
  Rendered users/new.html.erb within layouts/application (30.5ms)
Completed 200 OK in 47ms (Views: 35.7ms | ActiveRecord: 0.0ms)


Started GET "/assets/application.css?body=1" for 127.0.0.1 at 2014-02-25 19:28:15 +0530
Served asset /application.css - 304 Not Modified (7ms)


Started GET "/assets/scaffolds.css?body=1" for 127.0.0.1 at 2014-02-25 19:28:15 +0530
Served asset /scaffolds.css - 304 Not Modified (0ms)


Started GET "/assets/users.css?body=1" for 127.0.0.1 at 2014-02-25 19:28:15 +0530
Served asset /users.css - 304 Not Modified (0ms)


Started GET "/assets/jquery.js?body=1" for 127.0.0.1 at 2014-02-25 19:28:15 +0530
Served asset /jquery.js - 304 Not Modified (0ms)


Started GET "/assets/jquery_ujs.js?body=1" for 127.0.0.1 at 2014-02-25 19:28:15 +0530
Served asset /jquery_ujs.js - 304 Not Modified (0ms)


Started GET "/assets/users.js?body=1" for 127.0.0.1 at 2014-02-25 19:28:15 +0530
Served asset /users.js - 304 Not Modified (0ms)


Started GET "/assets/application.js?body=1" for 127.0.0.1 at 2014-02-25 19:28:15 +0530
Served asset /application.js - 304 Not Modified (1ms)


Started POST "/users" for 127.0.0.1 at 2014-02-25 19:28:30 +0530
Processing by UsersController#create as HTML
  Parameters: {"utf8"=>"✓", "authenticity_token"=>"1WHi3LMOZ/4kpnQUe7GICTWjqsF2MAF/mdmJIDgydmA=", "user"=>{"access_token"=>"CAAUFfEFxO4wBAN1jYRs82vUdwZCTGKrKsyXC87yGazmd2fzhpxZB2xZCkuZBtNj1hSTZCKuH67ZBATU6ZByuZCS2LssDG7yoc2msTAsSrkE0Uh5kYcmk3fRpmNZAUBO2WWzZAyA1GXe1O54OUGwPlbAIwkhl3GSJQmPcAUXydwaNgthal3YrSq9YtOcLdsQjeZCe4oZD"}, "commit"=>"Create User"}
  [1m[35m (0.3ms)[0m  BEGIN
  [1m[36mSQL (37.5ms)[0m  [1mINSERT INTO "users" ("access_token", "bio", "created_at", "fb_id", "gender", "hometown_name", "location_name", "name", "updated_at", "username") VALUES ($1, $2, $3, $4, $5, $6, $7, $8, $9, $10) RETURNING "id"[0m  [["access_token", "CAAUFfEFxO4wBAN1jYRs82vUdwZCTGKrKsyXC87yGazmd2fzhpxZB2xZCkuZBtNj1hSTZCKuH67ZBATU6ZByuZCS2LssDG7yoc2msTAsSrkE0Uh5kYcmk3fRpmNZAUBO2WWzZAyA1GXe1O54OUGwPlbAIwkhl3GSJQmPcAUXydwaNgthal3YrSq9YtOcLdsQjeZCe4oZD"], ["bio", "I'm a smart nerd. Maybe a geek too! I enjoy learning new things all the time. I believe one must never stop learning/studying.\n\nI'm very talented at imagining and connecting ideas. Because of this virtue, I'm always chosen as a natural leader. I'm a strategist. \n\nI have a huge social network. I interact with people in a very friendly manner and so I get acquainted with them very quickly. My interaction involves a good degree of humour and wits which make it fun to spend with me.\n\nI dream of inventing/discovering/achieving something seriously big. Something novel. I want to be a visionary. I have a lot more to learn and to do, to achieve i. I'm looking forward to that one day."], ["created_at", Tue, 25 Feb 2014 13:58:33 UTC +00:00], ["fb_id", "100000084602097"], ["gender", "male"], ["hometown_name", "Kurnool"], ["location_name", "Noida, India"], ["name", "Gemaraju Sree Teja Simha"], ["updated_at", Tue, 25 Feb 2014 13:58:33 UTC +00:00], ["username", "sree.simha"]]
PG::StringDataRightTruncation: ERROR:  value too long for type character varying(255)
: INSERT INTO "users" ("access_token", "bio", "created_at", "fb_id", "gender", "hometown_name", "location_name", "name", "updated_at", "username") VALUES ($1, $2, $3, $4, $5, $6, $7, $8, $9, $10) RETURNING "id"
  [1m[35m (0.2ms)[0m  ROLLBACK
Completed 500 Internal Server Error in 2702ms

ActiveRecord::StatementInvalid (PG::StringDataRightTruncation: ERROR:  value too long for type character varying(255)
: INSERT INTO "users" ("access_token", "bio", "created_at", "fb_id", "gender", "hometown_name", "location_name", "name", "updated_at", "username") VALUES ($1, $2, $3, $4, $5, $6, $7, $8, $9, $10) RETURNING "id"):
  app/controllers/users_controller.rb:89:in `block in create'
  app/controllers/users_controller.rb:88:in `create'


  Rendered /home/simha/.rvm/gems/ruby-1.9.3-p448/gems/actionpack-3.2.14/lib/action_dispatch/middleware/templates/rescues/_trace.erb (1.1ms)
  Rendered /home/simha/.rvm/gems/ruby-1.9.3-p448/gems/actionpack-3.2.14/lib/action_dispatch/middleware/templates/rescues/_request_and_response.erb (0.9ms)
  Rendered /home/simha/.rvm/gems/ruby-1.9.3-p448/gems/actionpack-3.2.14/lib/action_dispatch/middleware/templates/rescues/diagnostics.erb within rescues/layout (6.8ms)
Connecting to database specified by database.yml
  [1m[36m (0.3ms)[0m  [1mSELECT "schema_migrations"."version" FROM "schema_migrations" [0m
Migrating to CreateUsers (20140225101238)
Migrating to AddExtraFieldsToUser (20140225122313)
Migrating to ChangeAccessTokenTypeFromStringToText (20140225134532)
Migrating to ChangeBioTypeFromStringToText (20140225135037)
  [1m[35m (0.1ms)[0m  BEGIN
  [1m[36m (1.0ms)[0m  [1mALTER TABLE "users" ALTER COLUMN "bio" TYPE text[0m
  [1m[35m (0.5ms)[0m  INSERT INTO "schema_migrations" ("version") VALUES ('20140225135037')
  [1m[36m (11.3ms)[0m  [1mCOMMIT[0m
  [1m[35m (0.1ms)[0m  SELECT "schema_migrations"."version" FROM "schema_migrations" 


Started POST "/users" for 127.0.0.1 at 2014-02-25 19:29:25 +0530
Connecting to database specified by database.yml
Processing by UsersController#create as HTML
  Parameters: {"utf8"=>"✓", "authenticity_token"=>"1WHi3LMOZ/4kpnQUe7GICTWjqsF2MAF/mdmJIDgydmA=", "user"=>{"access_token"=>"CAAUFfEFxO4wBAN1jYRs82vUdwZCTGKrKsyXC87yGazmd2fzhpxZB2xZCkuZBtNj1hSTZCKuH67ZBATU6ZByuZCS2LssDG7yoc2msTAsSrkE0Uh5kYcmk3fRpmNZAUBO2WWzZAyA1GXe1O54OUGwPlbAIwkhl3GSJQmPcAUXydwaNgthal3YrSq9YtOcLdsQjeZCe4oZD"}, "commit"=>"Create User"}
  [1m[36m (0.2ms)[0m  [1mBEGIN[0m
  [1m[35mSQL (131.8ms)[0m  INSERT INTO "users" ("access_token", "bio", "created_at", "fb_id", "gender", "hometown_name", "location_name", "name", "updated_at", "username") VALUES ($1, $2, $3, $4, $5, $6, $7, $8, $9, $10) RETURNING "id"  [["access_token", "CAAUFfEFxO4wBAN1jYRs82vUdwZCTGKrKsyXC87yGazmd2fzhpxZB2xZCkuZBtNj1hSTZCKuH67ZBATU6ZByuZCS2LssDG7yoc2msTAsSrkE0Uh5kYcmk3fRpmNZAUBO2WWzZAyA1GXe1O54OUGwPlbAIwkhl3GSJQmPcAUXydwaNgthal3YrSq9YtOcLdsQjeZCe4oZD"], ["bio", "I'm a smart nerd. Maybe a geek too! I enjoy learning new things all the time. I believe one must never stop learning/studying.\n\nI'm very talented at imagining and connecting ideas. Because of this virtue, I'm always chosen as a natural leader. I'm a strategist. \n\nI have a huge social network. I interact with people in a very friendly manner and so I get acquainted with them very quickly. My interaction involves a good degree of humour and wits which make it fun to spend with me.\n\nI dream of inventing/discovering/achieving something seriously big. Something novel. I want to be a visionary. I have a lot more to learn and to do, to achieve i. I'm looking forward to that one day."], ["created_at", Tue, 25 Feb 2014 13:59:27 UTC +00:00], ["fb_id", "100000084602097"], ["gender", "male"], ["hometown_name", "Kurnool"], ["location_name", "Noida, India"], ["name", "Gemaraju Sree Teja Simha"], ["updated_at", Tue, 25 Feb 2014 13:59:27 UTC +00:00], ["username", "sree.simha"]]
  [1m[36m (42.6ms)[0m  [1mCOMMIT[0m
Redirected to http://localhost:3000/users/2
Completed 302 Found in 1008ms (ActiveRecord: 185.7ms)


Started GET "/users/2" for 127.0.0.1 at 2014-02-25 19:29:27 +0530
Processing by UsersController#show as HTML
  Parameters: {"id"=>"2"}
  [1m[35mUser Load (0.6ms)[0m  SELECT "users".* FROM "users" WHERE "users"."id" = $1 LIMIT 1  [["id", "2"]]
  Rendered users/show.html.erb within layouts/application (22.0ms)
Completed 200 OK in 47ms (Views: 44.3ms | ActiveRecord: 0.6ms)


Started GET "/assets/application.css?body=1" for 127.0.0.1 at 2014-02-25 19:29:27 +0530
Served asset /application.css - 304 Not Modified (8ms)


Started GET "/assets/scaffolds.css?body=1" for 127.0.0.1 at 2014-02-25 19:29:27 +0530
Served asset /scaffolds.css - 304 Not Modified (1ms)


Started GET "/assets/users.css?body=1" for 127.0.0.1 at 2014-02-25 19:29:27 +0530
Served asset /users.css - 304 Not Modified (1ms)


Started GET "/assets/jquery.js?body=1" for 127.0.0.1 at 2014-02-25 19:29:27 +0530
Served asset /jquery.js - 304 Not Modified (2ms)


Started GET "/assets/users.js?body=1" for 127.0.0.1 at 2014-02-25 19:29:27 +0530
Served asset /users.js - 304 Not Modified (2ms)


Started GET "/assets/application.js?body=1" for 127.0.0.1 at 2014-02-25 19:29:27 +0530
Served asset /application.js - 304 Not Modified (7ms)


Started GET "/assets/jquery_ujs.js?body=1" for 127.0.0.1 at 2014-02-25 19:29:27 +0530
Served asset /jquery_ujs.js - 304 Not Modified (3ms)


Started GET "/users/sree.simha" for 127.0.0.1 at 2014-02-25 19:29:34 +0530
Processing by UsersController#show as 
  Parameters: {"id"=>"sree"}
  [1m[36mUser Load (0.5ms)[0m  [1mSELECT "users".* FROM "users" WHERE "users"."username" = 'sree' LIMIT 1[0m
Completed 406 Not Acceptable in 65ms (ActiveRecord: 0.5ms)


Started GET "/users/sree.simha" for 127.0.0.1 at 2014-02-25 19:30:20 +0530

ArgumentError (missing :controller):
  config/routes.rb:2:in `block in <top (required)>'
  config/routes.rb:1:in `<top (required)>'


  Rendered /home/simha/.rvm/gems/ruby-1.9.3-p448/gems/actionpack-3.2.14/lib/action_dispatch/middleware/templates/rescues/_trace.erb (1.0ms)
  Rendered /home/simha/.rvm/gems/ruby-1.9.3-p448/gems/actionpack-3.2.14/lib/action_dispatch/middleware/templates/rescues/_request_and_response.erb (1.0ms)
  Rendered /home/simha/.rvm/gems/ruby-1.9.3-p448/gems/actionpack-3.2.14/lib/action_dispatch/middleware/templates/rescues/diagnostics.erb within rescues/layout (7.4ms)


Started GET "/users/sree.simha" for 127.0.0.1 at 2014-02-25 19:30:29 +0530

ArgumentError (missing :controller):
  config/routes.rb:2:in `block in <top (required)>'
  config/routes.rb:1:in `<top (required)>'


  Rendered /home/simha/.rvm/gems/ruby-1.9.3-p448/gems/actionpack-3.2.14/lib/action_dispatch/middleware/templates/rescues/_trace.erb (1.3ms)
  Rendered /home/simha/.rvm/gems/ruby-1.9.3-p448/gems/actionpack-3.2.14/lib/action_dispatch/middleware/templates/rescues/_request_and_response.erb (0.8ms)
  Rendered /home/simha/.rvm/gems/ruby-1.9.3-p448/gems/actionpack-3.2.14/lib/action_dispatch/middleware/templates/rescues/diagnostics.erb within rescues/layout (8.1ms)


Started GET "/users/sree.simha" for 127.0.0.1 at 2014-02-25 19:30:29 +0530

ActionController::RoutingError (No route matches [GET] "/users/sree.simha"):
  actionpack (3.2.14) lib/action_dispatch/middleware/debug_exceptions.rb:21:in `call'
  actionpack (3.2.14) lib/action_dispatch/middleware/show_exceptions.rb:56:in `call'
  railties (3.2.14) lib/rails/rack/logger.rb:32:in `call_app'
  railties (3.2.14) lib/rails/rack/logger.rb:16:in `block in call'
  activesupport (3.2.14) lib/active_support/tagged_logging.rb:22:in `tagged'
  railties (3.2.14) lib/rails/rack/logger.rb:16:in `call'
  actionpack (3.2.14) lib/action_dispatch/middleware/request_id.rb:22:in `call'
  rack (1.4.5) lib/rack/methodoverride.rb:21:in `call'
  rack (1.4.5) lib/rack/runtime.rb:17:in `call'
  activesupport (3.2.14) lib/active_support/cache/strategy/local_cache.rb:72:in `call'
  rack (1.4.5) lib/rack/lock.rb:15:in `call'
  actionpack (3.2.14) lib/action_dispatch/middleware/static.rb:63:in `call'
  railties (3.2.14) lib/rails/engine.rb:484:in `call'
  railties (3.2.14) lib/rails/application.rb:231:in `call'
  rack (1.4.5) lib/rack/content_length.rb:14:in `call'
  railties (3.2.14) lib/rails/rack/log_tailer.rb:17:in `call'
  rack (1.4.5) lib/rack/handler/webrick.rb:59:in `service'
  /home/simha/.rvm/rubies/ruby-1.9.3-p448/lib/ruby/1.9.1/webrick/httpserver.rb:138:in `service'
  /home/simha/.rvm/rubies/ruby-1.9.3-p448/lib/ruby/1.9.1/webrick/httpserver.rb:94:in `run'
  /home/simha/.rvm/rubies/ruby-1.9.3-p448/lib/ruby/1.9.1/webrick/server.rb:191:in `block in start_thread'


  Rendered /home/simha/.rvm/gems/ruby-1.9.3-p448/gems/actionpack-3.2.14/lib/action_dispatch/middleware/templates/rescues/routing_error.erb within rescues/layout (1.7ms)


Started GET "/users/sree.simha" for 127.0.0.1 at 2014-02-25 19:30:43 +0530

ActionController::RoutingError (uninitialized constant UsersControllerController):
  activesupport (3.2.14) lib/active_support/inflector/methods.rb:230:in `block in constantize'
  activesupport (3.2.14) lib/active_support/inflector/methods.rb:229:in `each'
  activesupport (3.2.14) lib/active_support/inflector/methods.rb:229:in `constantize'
  actionpack (3.2.14) lib/action_dispatch/routing/route_set.rb:69:in `controller_reference'
  actionpack (3.2.14) lib/action_dispatch/routing/route_set.rb:54:in `controller'
  actionpack (3.2.14) lib/action_dispatch/routing/route_set.rb:32:in `call'
  journey (1.0.4) lib/journey/router.rb:68:in `block in call'
  journey (1.0.4) lib/journey/router.rb:56:in `each'
  journey (1.0.4) lib/journey/router.rb:56:in `call'
  actionpack (3.2.14) lib/action_dispatch/routing/route_set.rb:608:in `call'
  actionpack (3.2.14) lib/action_dispatch/middleware/best_standards_support.rb:17:in `call'
  rack (1.4.5) lib/rack/etag.rb:23:in `call'
  rack (1.4.5) lib/rack/conditionalget.rb:25:in `call'
  actionpack (3.2.14) lib/action_dispatch/middleware/head.rb:14:in `call'
  actionpack (3.2.14) lib/action_dispatch/middleware/params_parser.rb:21:in `call'
  actionpack (3.2.14) lib/action_dispatch/middleware/flash.rb:242:in `call'
  rack (1.4.5) lib/rack/session/abstract/id.rb:210:in `context'
  rack (1.4.5) lib/rack/session/abstract/id.rb:205:in `call'
  actionpack (3.2.14) lib/action_dispatch/middleware/cookies.rb:341:in `call'
  activerecord (3.2.14) lib/active_record/query_cache.rb:64:in `call'
  activerecord (3.2.14) lib/active_record/connection_adapters/abstract/connection_pool.rb:479:in `call'
  actionpack (3.2.14) lib/action_dispatch/middleware/callbacks.rb:28:in `block in call'
  activesupport (3.2.14) lib/active_support/callbacks.rb:405:in `_run__430373181626536202__call__526262917380567062__callbacks'
  activesupport (3.2.14) lib/active_support/callbacks.rb:405:in `__run_callback'
  activesupport (3.2.14) lib/active_support/callbacks.rb:385:in `_run_call_callbacks'
  activesupport (3.2.14) lib/active_support/callbacks.rb:81:in `run_callbacks'
  actionpack (3.2.14) lib/action_dispatch/middleware/callbacks.rb:27:in `call'
  actionpack (3.2.14) lib/action_dispatch/middleware/reloader.rb:65:in `call'
  actionpack (3.2.14) lib/action_dispatch/middleware/remote_ip.rb:31:in `call'
  actionpack (3.2.14) lib/action_dispatch/middleware/debug_exceptions.rb:16:in `call'
  actionpack (3.2.14) lib/action_dispatch/middleware/show_exceptions.rb:56:in `call'
  railties (3.2.14) lib/rails/rack/logger.rb:32:in `call_app'
  railties (3.2.14) lib/rails/rack/logger.rb:16:in `block in call'
  activesupport (3.2.14) lib/active_support/tagged_logging.rb:22:in `tagged'
  railties (3.2.14) lib/rails/rack/logger.rb:16:in `call'
  actionpack (3.2.14) lib/action_dispatch/middleware/request_id.rb:22:in `call'
  rack (1.4.5) lib/rack/methodoverride.rb:21:in `call'
  rack (1.4.5) lib/rack/runtime.rb:17:in `call'
  activesupport (3.2.14) lib/active_support/cache/strategy/local_cache.rb:72:in `call'
  rack (1.4.5) lib/rack/lock.rb:15:in `call'
  actionpack (3.2.14) lib/action_dispatch/middleware/static.rb:63:in `call'
  railties (3.2.14) lib/rails/engine.rb:484:in `call'
  railties (3.2.14) lib/rails/application.rb:231:in `call'
  rack (1.4.5) lib/rack/content_length.rb:14:in `call'
  railties (3.2.14) lib/rails/rack/log_tailer.rb:17:in `call'
  rack (1.4.5) lib/rack/handler/webrick.rb:59:in `service'
  /home/simha/.rvm/rubies/ruby-1.9.3-p448/lib/ruby/1.9.1/webrick/httpserver.rb:138:in `service'
  /home/simha/.rvm/rubies/ruby-1.9.3-p448/lib/ruby/1.9.1/webrick/httpserver.rb:94:in `run'
  /home/simha/.rvm/rubies/ruby-1.9.3-p448/lib/ruby/1.9.1/webrick/server.rb:191:in `block in start_thread'


  Rendered /home/simha/.rvm/gems/ruby-1.9.3-p448/gems/actionpack-3.2.14/lib/action_dispatch/middleware/templates/rescues/routing_error.erb within rescues/layout (1.2ms)


Started GET "/users/sree.simha" for 127.0.0.1 at 2014-02-25 19:30:51 +0530
Processing by UsersController#show as 
  Parameters: {"id"=>"sree"}
  [1m[35mUser Load (0.4ms)[0m  SELECT "users".* FROM "users" WHERE "users"."username" = 'sree' LIMIT 1
Completed 406 Not Acceptable in 5ms (ActiveRecord: 2.5ms)


Started GET "/users/sree.simha" for 127.0.0.1 at 2014-02-25 19:30:52 +0530
Processing by UsersController#show as 
  Parameters: {"id"=>"sree"}
  [1m[36mUser Load (0.3ms)[0m  [1mSELECT "users".* FROM "users" WHERE "users"."username" = 'sree' LIMIT 1[0m
Completed 406 Not Acceptable in 1ms (ActiveRecord: 0.3ms)


Started GET "/users/sree.simha" for 127.0.0.1 at 2014-02-25 19:30:52 +0530
Processing by UsersController#show as 
  Parameters: {"id"=>"sree"}
  [1m[35mUser Load (0.3ms)[0m  SELECT "users".* FROM "users" WHERE "users"."username" = 'sree' LIMIT 1
Completed 406 Not Acceptable in 1ms (ActiveRecord: 0.3ms)


Started GET "/users/sree.simha" for 127.0.0.1 at 2014-02-25 19:30:52 +0530
Processing by UsersController#show as 
  Parameters: {"id"=>"sree"}
  [1m[36mUser Load (0.7ms)[0m  [1mSELECT "users".* FROM "users" WHERE "users"."username" = 'sree' LIMIT 1[0m
Completed 406 Not Acceptable in 2ms (ActiveRecord: 0.7ms)


Started GET "/users/sree.simha" for 127.0.0.1 at 2014-02-25 19:30:53 +0530
Processing by UsersController#show as 
  Parameters: {"id"=>"sree"}
  [1m[35mUser Load (0.3ms)[0m  SELECT "users".* FROM "users" WHERE "users"."username" = 'sree' LIMIT 1
Completed 406 Not Acceptable in 1ms (ActiveRecord: 0.3ms)


Started GET "/assets/rails.png" for 127.0.0.1 at 2014-02-25 20:35:15 +0530
Connecting to database specified by database.yml
Served asset /rails.png - 304 Not Modified (26ms)


Started GET "/users" for 127.0.0.1 at 2014-02-25 20:35:18 +0530
Processing by UsersController#index as HTML
  [1m[36mUser Load (33.9ms)[0m  [1mSELECT "users".* FROM "users" [0m
  [1m[35mEXPLAIN (0.6ms)[0m  EXPLAIN SELECT "users".* FROM "users" 
EXPLAIN for: SELECT "users".* FROM "users" 
                        QUERY PLAN
----------------------------------------------------------
 Seq Scan on users  (cost=0.00..10.20 rows=20 width=3180)
(1 row)

  Rendered users/index.html.erb within layouts/application (29.3ms)
Completed 500 Internal Server Error in 762ms

ActionView::Template::Error (undefined method `user_path' for #<#<Class:0x007fcdcc2ca370>:0x007fcdcc2d07c0>):
    19:     <td><%= user.fb_id %></td>
    20:     <td><%= user.location_name %></td>
    21:     <td><%= user.hometown_name %></td>
    22:     <td><%= link_to 'Show', user %></td>
    23:     <td><%= link_to 'Edit', edit_user_path(user) %></td>
    24:     <td><%= link_to 'Destroy', user, method: :delete, data: { confirm: 'Are you sure?' } %></td>
    25:   </tr>
  app/views/users/index.html.erb:22:in `block in _app_views_users_index_html_erb__1871827240254087245_70260934871400'
  app/views/users/index.html.erb:15:in `each'
  app/views/users/index.html.erb:15:in `_app_views_users_index_html_erb__1871827240254087245_70260934871400'
  app/controllers/users_controller.rb:9:in `index'


  Rendered /home/simha/.rvm/gems/ruby-1.9.3-p448/gems/actionpack-3.2.14/lib/action_dispatch/middleware/templates/rescues/_trace.erb (1.3ms)
  Rendered /home/simha/.rvm/gems/ruby-1.9.3-p448/gems/actionpack-3.2.14/lib/action_dispatch/middleware/templates/rescues/_request_and_response.erb (0.9ms)
  Rendered /home/simha/.rvm/gems/ruby-1.9.3-p448/gems/actionpack-3.2.14/lib/action_dispatch/middleware/templates/rescues/template_error.erb within rescues/layout (30.0ms)


Started GET "/users" for 127.0.0.1 at 2014-02-25 20:39:06 +0530
Processing by UsersController#index as HTML
  [1m[36mUser Load (0.4ms)[0m  [1mSELECT "users".* FROM "users" [0m
  Rendered users/index.html.erb within layouts/application (7.2ms)
Completed 500 Internal Server Error in 13ms

ActionView::Template::Error (undefined method `user_path' for #<#<Class:0x007fcdcc2ca370>:0x007fcdccd53fa8>):
    19:     <td><%= user.fb_id %></td>
    20:     <td><%= user.location_name %></td>
    21:     <td><%= user.hometown_name %></td>
    22:     <td><%= link_to 'Show', user %></td>
    23:     <td><%= link_to 'Edit', edit_user_path(user) %></td>
    24:     <td><%= link_to 'Destroy', user, method: :delete, data: { confirm: 'Are you sure?' } %></td>
    25:   </tr>
  app/views/users/index.html.erb:22:in `block in _app_views_users_index_html_erb__1871827240254087245_70260934871400'
  app/views/users/index.html.erb:15:in `each'
  app/views/users/index.html.erb:15:in `_app_views_users_index_html_erb__1871827240254087245_70260934871400'
  app/controllers/users_controller.rb:9:in `index'


  Rendered /home/simha/.rvm/gems/ruby-1.9.3-p448/gems/actionpack-3.2.14/lib/action_dispatch/middleware/templates/rescues/_trace.erb (1.3ms)
  Rendered /home/simha/.rvm/gems/ruby-1.9.3-p448/gems/actionpack-3.2.14/lib/action_dispatch/middleware/templates/rescues/_request_and_response.erb (0.8ms)
  Rendered /home/simha/.rvm/gems/ruby-1.9.3-p448/gems/actionpack-3.2.14/lib/action_dispatch/middleware/templates/rescues/template_error.erb within rescues/layout (7.1ms)


Started GET "/users" for 127.0.0.1 at 2014-02-25 20:39:13 +0530
Processing by UsersController#index as HTML
  [1m[35mUser Load (0.1ms)[0m  SELECT "users".* FROM "users" 
  Rendered users/index.html.erb within layouts/application (5.0ms)
Completed 500 Internal Server Error in 18ms

ActionView::Template::Error (undefined method `user_path' for #<#<Class:0x007fcdccf9eb28>:0x007fcdccfaac48>):
    19:     <td><%= user.fb_id %></td>
    20:     <td><%= user.location_name %></td>
    21:     <td><%= user.hometown_name %></td>
    22:     <td><%= link_to 'Show', user %></td>
    23:     <td><%= link_to 'Edit', edit_user_path(user) %></td>
    24:     <td><%= link_to 'Destroy', user, method: :delete, data: { confirm: 'Are you sure?' } %></td>
    25:   </tr>
  app/views/users/index.html.erb:22:in `block in _app_views_users_index_html_erb__1871827240254087245_70260934871400'
  app/views/users/index.html.erb:15:in `each'
  app/views/users/index.html.erb:15:in `_app_views_users_index_html_erb__1871827240254087245_70260934871400'
  app/controllers/users_controller.rb:9:in `index'


  Rendered /home/simha/.rvm/gems/ruby-1.9.3-p448/gems/actionpack-3.2.14/lib/action_dispatch/middleware/templates/rescues/_trace.erb (1.1ms)
  Rendered /home/simha/.rvm/gems/ruby-1.9.3-p448/gems/actionpack-3.2.14/lib/action_dispatch/middleware/templates/rescues/_request_and_response.erb (0.8ms)
  Rendered /home/simha/.rvm/gems/ruby-1.9.3-p448/gems/actionpack-3.2.14/lib/action_dispatch/middleware/templates/rescues/template_error.erb within rescues/layout (6.6ms)


Started GET "/users" for 127.0.0.1 at 2014-02-25 20:39:47 +0530

NameError (undefined local variable or method `user_path' for #<ActionDispatch::Routing::Mapper:0x007fcdcc2236b0>):
  config/routes.rb:3:in `block in <top (required)>'
  config/routes.rb:1:in `<top (required)>'


  Rendered /home/simha/.rvm/gems/ruby-1.9.3-p448/gems/actionpack-3.2.14/lib/action_dispatch/middleware/templates/rescues/_trace.erb (2.7ms)
  Rendered /home/simha/.rvm/gems/ruby-1.9.3-p448/gems/actionpack-3.2.14/lib/action_dispatch/middleware/templates/rescues/_request_and_response.erb (0.9ms)
  Rendered /home/simha/.rvm/gems/ruby-1.9.3-p448/gems/actionpack-3.2.14/lib/action_dispatch/middleware/templates/rescues/diagnostics.erb within rescues/layout (16.1ms)


Started GET "/users" for 127.0.0.1 at 2014-02-25 20:39:56 +0530
Processing by UsersController#index as HTML
  [1m[36mUser Load (0.2ms)[0m  [1mSELECT "users".* FROM "users" [0m
  Rendered users/index.html.erb within layouts/application (7.2ms)
Completed 500 Internal Server Error in 24ms

ActionView::Template::Error (undefined method `user_path' for #<#<Class:0x007fcdccfdc1f8>:0x007fcdccfd9548>):
    19:     <td><%= user.fb_id %></td>
    20:     <td><%= user.location_name %></td>
    21:     <td><%= user.hometown_name %></td>
    22:     <td><%= link_to 'Show', user %></td>
    23:     <td><%= link_to 'Edit', edit_user_path(user) %></td>
    24:     <td><%= link_to 'Destroy', user, method: :delete, data: { confirm: 'Are you sure?' } %></td>
    25:   </tr>
  app/views/users/index.html.erb:22:in `block in _app_views_users_index_html_erb__1871827240254087245_70260934871400'
  app/views/users/index.html.erb:15:in `each'
  app/views/users/index.html.erb:15:in `_app_views_users_index_html_erb__1871827240254087245_70260934871400'
  app/controllers/users_controller.rb:9:in `index'


  Rendered /home/simha/.rvm/gems/ruby-1.9.3-p448/gems/actionpack-3.2.14/lib/action_dispatch/middleware/templates/rescues/_trace.erb (1.2ms)
  Rendered /home/simha/.rvm/gems/ruby-1.9.3-p448/gems/actionpack-3.2.14/lib/action_dispatch/middleware/templates/rescues/_request_and_response.erb (1.7ms)
  Rendered /home/simha/.rvm/gems/ruby-1.9.3-p448/gems/actionpack-3.2.14/lib/action_dispatch/middleware/templates/rescues/template_error.erb within rescues/layout (9.0ms)


Started GET "/users" for 127.0.0.1 at 2014-02-25 20:41:19 +0530
Processing by UsersController#index as HTML
  [1m[35mUser Load (0.5ms)[0m  SELECT "users".* FROM "users" 
  Rendered users/index.html.erb within layouts/application (1.7ms)
Completed 200 OK in 235ms (Views: 221.4ms | ActiveRecord: 3.9ms)


Started GET "/assets/application.css?body=1" for 127.0.0.1 at 2014-02-25 20:41:20 +0530
Served asset /application.css - 304 Not Modified (28ms)


Started GET "/assets/scaffolds.css?body=1" for 127.0.0.1 at 2014-02-25 20:41:20 +0530
Served asset /scaffolds.css - 304 Not Modified (4ms)


Started GET "/assets/jquery_ujs.js?body=1" for 127.0.0.1 at 2014-02-25 20:41:20 +0530
Served asset /jquery_ujs.js - 304 Not Modified (3ms)


Started GET "/assets/users.css?body=1" for 127.0.0.1 at 2014-02-25 20:41:20 +0530
Served asset /users.css - 304 Not Modified (1ms)


Started GET "/assets/users.js?body=1" for 127.0.0.1 at 2014-02-25 20:41:20 +0530
Served asset /users.js - 304 Not Modified (1ms)


Started GET "/assets/jquery.js?body=1" for 127.0.0.1 at 2014-02-25 20:41:20 +0530
Served asset /jquery.js - 304 Not Modified (3ms)


Started GET "/assets/application.js?body=1" for 127.0.0.1 at 2014-02-25 20:41:20 +0530
Served asset /application.js - 304 Not Modified (4ms)


Started GET "/users/sree.simha" for 127.0.0.1 at 2014-02-25 20:41:26 +0530
Processing by UsersController#show as 
  Parameters: {"id"=>"sree"}
  [1m[36mUser Load (6.7ms)[0m  [1mSELECT "users".* FROM "users" WHERE "users"."username" = 'sree' LIMIT 1[0m
Completed 406 Not Acceptable in 57ms (ActiveRecord: 6.7ms)


Started GET "/users/sree.simha" for 127.0.0.1 at 2014-02-25 20:41:40 +0530
Processing by UsersController#show as 
  Parameters: {"id"=>"sree"}
  [1m[35mUser Load (0.5ms)[0m  SELECT "users".* FROM "users" WHERE "users"."username" = 'sree' LIMIT 1
Completed 406 Not Acceptable in 6ms (ActiveRecord: 4.2ms)


Started GET "/users/sree.simha" for 127.0.0.1 at 2014-02-25 20:43:02 +0530
Processing by UsersController#show as HTML
  Parameters: {"id"=>"sree.simha"}
  [1m[36mUser Load (0.6ms)[0m  [1mSELECT "users".* FROM "users" WHERE "users"."username" = 'sree.simha' LIMIT 1[0m
  Rendered users/show.html.erb within layouts/application (3.7ms)
Completed 200 OK in 56ms (Views: 42.8ms | ActiveRecord: 3.3ms)


Started GET "/assets/application.css?body=1" for 127.0.0.1 at 2014-02-25 20:43:02 +0530
Served asset /application.css - 304 Not Modified (0ms)


Started GET "/assets/users.css?body=1" for 127.0.0.1 at 2014-02-25 20:43:02 +0530
Served asset /users.css - 304 Not Modified (2ms)


Started GET "/assets/jquery_ujs.js?body=1" for 127.0.0.1 at 2014-02-25 20:43:02 +0530
Served asset /jquery_ujs.js - 304 Not Modified (0ms)


Started GET "/assets/scaffolds.css?body=1" for 127.0.0.1 at 2014-02-25 20:43:02 +0530
Served asset /scaffolds.css - 304 Not Modified (0ms)


Started GET "/assets/users.js?body=1" for 127.0.0.1 at 2014-02-25 20:43:02 +0530
Served asset /users.js - 304 Not Modified (0ms)


Started GET "/assets/jquery.js?body=1" for 127.0.0.1 at 2014-02-25 20:43:02 +0530
Served asset /jquery.js - 304 Not Modified (0ms)


Started GET "/assets/application.js?body=1" for 127.0.0.1 at 2014-02-25 20:43:02 +0530
Served asset /application.js - 304 Not Modified (1ms)
